<!DOCTYPE html PUBLIC "-//W3C//DTD XHTML 1.1//EN" "https://www.w3.org/TR/xhtml11/DTD/xhtml11.dtd">
<html xmlns="https://www.w3.org/1999/xhtml">
<head>
<meta charset='utf-8'>
<title>TestNG Report</title>
<style type="text/css">
table {margin-bottom:10px;border-collapse:collapse;empty-cells:show}
td,th {border:1px solid #009;padding:.25em .5em}
.result th {vertical-align:bottom}
.param th {padding-left:1em;padding-right:1em}
.param td {padding-left:.5em;padding-right:2em}
.stripe td,.stripe th {background-color: #E6EBF9}
.numi,.numi_attn {text-align:right}
.total td {font-weight:bold}
.passedodd td {background-color: #0A0}
.passedeven td {background-color: #3F3}
.skippedodd td {background-color: #CCC}
.skippedodd td {background-color: #DDD}
.failedodd td,.numi_attn {background-color: #F33}
.failedeven td,.stripe .numi_attn {background-color: #D00}
.stacktrace {white-space:pre;font-family:monospace}
.totop {font-size:85%;text-align:center;border-bottom:2px solid #000}
</style>
</head>
<body>
<table cellspacing="0" cellpadding="0" class="testOverview">
<tr><th>Test</th><th>Methods<br/>Passed</th><th>Scenarios<br/>Passed</th><th># skipped</th><th># failed</th><th>Total<br/>Time</th><th>Included<br/>Groups</th><th>Excluded<br/>Groups</th></tr>
<tr><td style="text-align:left;padding-right:2em"><a href="#t1">ShoppersStack</a></td><td class="numi">0</td><td class="numi">0</td><td class="numi_attn">6</td><td class="numi_attn">1</td><td class="numi">25.0 seconds</td><td class="numi"></td><td class="numi"></td></tr>
</table>
<table cellspacing="0" cellpadding="0" class="methodOverview" id="summary">
<tr><th>Class</th><th>Method</th><th># of<br/>Scenarios</th><th>Start</th><th>Time<br/>(ms)</th></tr>
<tr id="t1"><th colspan="5">ShoppersStack &#8212; failed</th></tr>
<tr class="failedodd"><td>com.shooperstacks.qa.test.MyOrderPageTest</td><td><a href="#m1"><b>loginAsShopper</b>  </a></td><td class="numi">1</td><td>1701433511174</td><td class="numi">12803</td></tr>
<tr><th colspan="5">ShoppersStack &#8212; skipped</th></tr>
<tr class="skippedodd"><td rowspan="6">com.shooperstacks.qa.test.MyOrderPageTest</td><td><a href="#m2"><b>selectDeliveryAddress</b>  </a></td><td class="numi">1</td><td>1701433524047</td><td class="numi">0</td></tr><tr class="skippedodd"><td><a href="#m3"><b>addItemToCart</b>  </a></td><td class="numi">1</td><td>1701433524039</td><td class="numi">0</td></tr><tr class="skippedodd"><td><a href="#m4"><b>buyTheItemFromViewCart</b>  </a></td><td class="numi">1</td><td>1701433524042</td><td class="numi">0</td></tr><tr class="skippedodd"><td><a href="#m5"><b>addAddressInAddAddressPage</b>  </a></td><td class="numi">1</td><td>1701433524044</td><td class="numi">0</td></tr><tr class="skippedodd"><td><a href="#m6"><b>cancelTheOrderProduct</b>  </a></td><td class="numi">1</td><td>1701433524056</td><td class="numi">1</td></tr><tr class="skippedodd"><td><a href="#m7"><b>selectPaymentOption</b>  </a></td><td class="numi">1</td><td>1701433524051</td><td class="numi">1</td></tr>
</table>
<h1>ShoppersStack</h1>
<h2 id="m1">com.shooperstacks.qa.test.MyOrderPageTest:loginAsShopper</h2>
<div>
<div class="stacktrace">org.openqa.selenium.TimeoutException: Expected condition failed: waiting for visibility of [[ChromeDriver: chrome on windows (c30c8e87180507ef54ca6695f15570b4)] -&gt; id: loginBtn] (tried for 10 second(s) with 500 milliseconds interval)
	at org.openqa.selenium.support.ui.WebDriverWait.timeoutException(WebDriverWait.java:84)
	at org.openqa.selenium.support.ui.FluentWait.until(FluentWait.java:230)
	at com.shoppersstacks.qa.pages.LoginPage.loginButton(LoginPage.java:48)
	at com.shooperstacks.qa.test.MyOrderPageTest.loginAsShopper(MyOrderPageTest.java:42)
	at java.base/java.util.ArrayList.forEach(ArrayList.java:1596)
	at com.intellij.rt.testng.IDEARemoteTestNG.run(IDEARemoteTestNG.java:66)
	at com.intellij.rt.testng.RemoteTestNGStarter.main(RemoteTestNGStarter.java:105)
Caused by: org.openqa.selenium.NoSuchElementException: no such element: Unable to locate element: {&quot;method&quot;:&quot;css selector&quot;,&quot;selector&quot;:&quot;#loginBtn&quot;}
  (Session info: chrome=119.0.6045.200)
For documentation on this error, please visit: https://www.selenium.dev/documentation/webdriver/troubleshooting/errors#no-such-element-exception
Build info: version: &apos;4.14.1&apos;, revision: &apos;03f8ede370&apos;
System info: os.name: &apos;Windows 10&apos;, os.arch: &apos;amd64&apos;, os.version: &apos;10.0&apos;, java.version: &apos;21.0.1&apos;
Driver info: org.openqa.selenium.chrome.ChromeDriver
Command: [c30c8e87180507ef54ca6695f15570b4, findElement {using=id, value=loginBtn}]
Capabilities {acceptInsecureCerts: false, browserName: chrome, browserVersion: 119.0.6045.200, chrome: {chromedriverVersion: 119.0.6045.105 (38c72552c5e..., userDataDir: C:\Users\cheta\AppData\Loca...}, fedcm:accounts: true, goog:chromeOptions: {debuggerAddress: localhost:58591}, networkConnectionEnabled: false, pageLoadStrategy: normal, platformName: windows, proxy: Proxy(), se:cdp: ws://localhost:58591/devtoo..., se:cdpVersion: 119.0.6045.200, setWindowRect: true, strictFileInteractability: false, timeouts: {implicit: 0, pageLoad: 300000, script: 30000}, unhandledPromptBehavior: dismiss and notify, webauthn:extension:credBlob: true, webauthn:extension:largeBlob: true, webauthn:extension:minPinLength: true, webauthn:extension:prf: true, webauthn:virtualAuthenticators: true}
Session ID: c30c8e87180507ef54ca6695f15570b4
	at org.openqa.selenium.remote.codec.w3c.W3CHttpResponseCodec.createException(W3CHttpResponseCodec.java:200)
	at org.openqa.selenium.remote.codec.w3c.W3CHttpResponseCodec.decode(W3CHttpResponseCodec.java:133)
	at org.openqa.selenium.remote.codec.w3c.W3CHttpResponseCodec.decode(W3CHttpResponseCodec.java:52)
	at org.openqa.selenium.remote.HttpCommandExecutor.execute(HttpCommandExecutor.java:191)
	at org.openqa.selenium.remote.service.DriverCommandExecutor.invokeExecute(DriverCommandExecutor.java:200)
	at org.openqa.selenium.remote.service.DriverCommandExecutor.execute(DriverCommandExecutor.java:175)
	at org.openqa.selenium.remote.RemoteWebDriver.execute(RemoteWebDriver.java:602)
	at org.openqa.selenium.remote.ElementLocation$ElementFinder$2.findElement(ElementLocation.java:165)
	at org.openqa.selenium.remote.ElementLocation.findElement(ElementLocation.java:66)
	at org.openqa.selenium.remote.RemoteWebDriver.findElement(RemoteWebDriver.java:359)
	at org.openqa.selenium.remote.RemoteWebDriver.findElement(RemoteWebDriver.java:353)
	at org.openqa.selenium.support.events.EventFiringWebDriver.lambda$new$1(EventFiringWebDriver.java:107)
	at jdk.proxy2/jdk.proxy2.$Proxy9.findElement(Unknown Source)
	at org.openqa.selenium.support.events.EventFiringWebDriver.findElement(EventFiringWebDriver.java:194)
	at org.openqa.selenium.support.pagefactory.DefaultElementLocator.findElement(DefaultElementLocator.java:68)
	at org.openqa.selenium.support.pagefactory.internal.LocatingElementHandler.invoke(LocatingElementHandler.java:38)
	at jdk.proxy2/jdk.proxy2.$Proxy13.isDisplayed(Unknown Source)
	at org.openqa.selenium.support.ui.ExpectedConditions.elementIfVisible(ExpectedConditions.java:304)
	at org.openqa.selenium.support.ui.ExpectedConditions$10.apply(ExpectedConditions.java:290)
	at org.openqa.selenium.support.ui.ExpectedConditions$10.apply(ExpectedConditions.java:287)
	at org.openqa.selenium.support.ui.FluentWait.until(FluentWait.java:205)
	... 27 more
... Removed 27 stack frames</div>
</div>
<p class="totop"><a href="#summary">back to summary</a></p>
<h2 id="m2">com.shooperstacks.qa.test.MyOrderPageTest:selectDeliveryAddress</h2>
<div>
<div class="stacktrace">java.lang.Throwable: Method com.shooperstacks.qa.test.MyOrderPageTest.selectDeliveryAddress() on instance com.shooperstacks.qa.test.MyOrderPageTest@29176cc1 depends on not successfully finished methods 
[com.shooperstacks.qa.test.MyOrderPageTest.addAddressInAddAddressPage() on instance com.shooperstacks.qa.test.MyOrderPageTest@29176cc1]
	at java.base/java.util.ArrayList.forEach(ArrayList.java:1596)
	at com.intellij.rt.testng.IDEARemoteTestNG.run(IDEARemoteTestNG.java:66)
	at com.intellij.rt.testng.RemoteTestNGStarter.main(RemoteTestNGStarter.java:105)
... Removed 15 stack frames</div>
</div>
<p class="totop"><a href="#summary">back to summary</a></p>
<h2 id="m3">com.shooperstacks.qa.test.MyOrderPageTest:addItemToCart</h2>
<div>
<div class="stacktrace">java.lang.Throwable: Method com.shooperstacks.qa.test.MyOrderPageTest.addItemToCart() on instance com.shooperstacks.qa.test.MyOrderPageTest@29176cc1 depends on not successfully finished methods 
[com.shooperstacks.qa.test.MyOrderPageTest.loginAsShopper() on instance com.shooperstacks.qa.test.MyOrderPageTest@29176cc1]
	at java.base/java.util.ArrayList.forEach(ArrayList.java:1596)
	at com.intellij.rt.testng.IDEARemoteTestNG.run(IDEARemoteTestNG.java:66)
	at com.intellij.rt.testng.RemoteTestNGStarter.main(RemoteTestNGStarter.java:105)
... Removed 15 stack frames</div>
</div>
<p class="totop"><a href="#summary">back to summary</a></p>
<h2 id="m4">com.shooperstacks.qa.test.MyOrderPageTest:buyTheItemFromViewCart</h2>
<div>
<div class="stacktrace">java.lang.Throwable: Method com.shooperstacks.qa.test.MyOrderPageTest.buyTheItemFromViewCart() on instance com.shooperstacks.qa.test.MyOrderPageTest@29176cc1 depends on not successfully finished methods 
[com.shooperstacks.qa.test.MyOrderPageTest.addItemToCart() on instance com.shooperstacks.qa.test.MyOrderPageTest@29176cc1]
	at java.base/java.util.ArrayList.forEach(ArrayList.java:1596)
	at com.intellij.rt.testng.IDEARemoteTestNG.run(IDEARemoteTestNG.java:66)
	at com.intellij.rt.testng.RemoteTestNGStarter.main(RemoteTestNGStarter.java:105)
... Removed 15 stack frames</div>
</div>
<p class="totop"><a href="#summary">back to summary</a></p>
<h2 id="m5">com.shooperstacks.qa.test.MyOrderPageTest:addAddressInAddAddressPage</h2>
<div>
<div class="stacktrace">java.lang.Throwable: Method com.shooperstacks.qa.test.MyOrderPageTest.addAddressInAddAddressPage() on instance com.shooperstacks.qa.test.MyOrderPageTest@29176cc1 depends on not successfully finished methods 
[com.shooperstacks.qa.test.MyOrderPageTest.buyTheItemFromViewCart() on instance com.shooperstacks.qa.test.MyOrderPageTest@29176cc1]
	at java.base/java.util.ArrayList.forEach(ArrayList.java:1596)
	at com.intellij.rt.testng.IDEARemoteTestNG.run(IDEARemoteTestNG.java:66)
	at com.intellij.rt.testng.RemoteTestNGStarter.main(RemoteTestNGStarter.java:105)
... Removed 15 stack frames</div>
</div>
<p class="totop"><a href="#summary">back to summary</a></p>
<h2 id="m6">com.shooperstacks.qa.test.MyOrderPageTest:cancelTheOrderProduct</h2>
<div>
<div class="stacktrace">java.lang.Throwable: Method com.shooperstacks.qa.test.MyOrderPageTest.cancelTheOrderProduct() on instance com.shooperstacks.qa.test.MyOrderPageTest@29176cc1 depends on not successfully finished methods 
[com.shooperstacks.qa.test.MyOrderPageTest.selectPaymentOption() on instance com.shooperstacks.qa.test.MyOrderPageTest@29176cc1]
	at java.base/java.util.ArrayList.forEach(ArrayList.java:1596)
	at com.intellij.rt.testng.IDEARemoteTestNG.run(IDEARemoteTestNG.java:66)
	at com.intellij.rt.testng.RemoteTestNGStarter.main(RemoteTestNGStarter.java:105)
... Removed 15 stack frames</div>
</div>
<p class="totop"><a href="#summary">back to summary</a></p>
<h2 id="m7">com.shooperstacks.qa.test.MyOrderPageTest:selectPaymentOption</h2>
<div>
<div class="stacktrace">java.lang.Throwable: Method com.shooperstacks.qa.test.MyOrderPageTest.selectPaymentOption() on instance com.shooperstacks.qa.test.MyOrderPageTest@29176cc1 depends on not successfully finished methods 
[com.shooperstacks.qa.test.MyOrderPageTest.selectDeliveryAddress() on instance com.shooperstacks.qa.test.MyOrderPageTest@29176cc1]
	at java.base/java.util.ArrayList.forEach(ArrayList.java:1596)
	at com.intellij.rt.testng.IDEARemoteTestNG.run(IDEARemoteTestNG.java:66)
	at com.intellij.rt.testng.RemoteTestNGStarter.main(RemoteTestNGStarter.java:105)
... Removed 15 stack frames</div>
</div>
<p class="totop"><a href="#summary">back to summary</a></p>
</body></html>
